
FileName:20210706-104339.csv
SourceDocumentURI:Full_Year_2019_Barloworld_Ltd_Earnings_Call
Log:Completed date is not available

FileName:20210706-104339.csv
SourceDocumentURI:Half_Year_2017_DBS_Group_Holdings_Ltd_Media_Briefing
Log:Completed date is not available

FileName:20210706-104339.csv
SourceDocumentURI:Half_Year_2017_Next_PLC_Earnings_Presentation
Log:Completed date is not available

FileName:20210706-104339.csv
SourceDocumentURI:Half_Year_2017_Schneider_Electric_SE_Earnings_Call
Log:Completed date is not available

FileName:20210706-104339.csv
SourceDocumentURI:Interim_2013_SUN_HUNG_KAI_PPTYS_LTD_Earnings_Presentation
Log:Completed date is not available

FileName:20210706-104339.csv
SourceDocumentURI:Interim_2014_Suncorp_Earnings_Presentation_and_Conference_Call
Log:Completed date is not available

FileName:20210706-104339.csv
SourceDocumentURI:Interim_2016_Centrica_PLC_Earnings_Call
Log:Completed date is not available

FileName:20210706-104339.csv
SourceDocumentURI:Preliminary_2012_TELSTRA_CORPORATION_LIMITED_Earnings_Presentation
Log:Completed date is not available

FileName:20210706-104339.csv
SourceDocumentURI:Q1_2012_Retalix_Ltd._Earnings_Conference_Call
Log:Completed date is not available

FileName:20210706-104339.csv
SourceDocumentURI:Q1_2013_Alfa_SAB_de_CV_Earnings_Conference_Call
Log:Completed date is not available

FileName:20210706-104339.csv
SourceDocumentURI:Q1_2013_Brown_Shoe_Company,_Inc._Earnings_Conference_Call
Log:Completed date is not available

FileName:20210706-104339.csv
SourceDocumentURI:Q1_2013_H&E_Equipment_Earnings_Conference_Call
Log:Completed date is not available

FileName:20210706-104339.csv
SourceDocumentURI:Q1_2013_PNM_Resources_Earnings_Conference_Call
Log:Completed date is not available

FileName:20210706-104339.csv
SourceDocumentURI:Q1_2014_TDC_AS_Earnings_Conference_Call
Log:Completed date is not available

FileName:20210706-104339.csv
SourceDocumentURI:Q1_2014_Volvo_AB_Earnings_Press_Conference_Call
Log:Completed date is not available

FileName:20210706-104339.csv
SourceDocumentURI:Q1_2015_Turkiye_Garanti_Bankasi_AS_Earnings_Call
Log:Completed date is not available

FileName:20210706-104339.csv
SourceDocumentURI:Q1_2016_Henkel_&_Co_KGaA_AG_Earnings_Call
Log:Completed date is not available

FileName:20210706-104339.csv
SourceDocumentURI:Q1_2016_Qorvo_Inc_Earnings_Call
Log:Completed date is not available

FileName:20210706-104339.csv
SourceDocumentURI:Q1_2016_SBA_Communications_Corp_Earnings_Call
Log:Completed date is not available

FileName:20210706-104339.csv
SourceDocumentURI:Q1_2018_Anadolu_Efes_Biracilik_ve_Malt_Sanayii_AS_Earnings_Call
Log:Completed date is not available

FileName:20210706-104339.csv
SourceDocumentURI:Q1_2018_Cellnex_Telecom_SA_Earnings_Call
Log:Completed date is not available

FileName:20210706-104339.csv
SourceDocumentURI:Q1_2018_Halyk_Bank_AO_Earnings_Call
Log:Completed date is not available

FileName:20210706-104339.csv
SourceDocumentURI:Q1_2018_Wesco_International_Inc_Earnings_Call
Log:Completed date is not available

FileName:20210706-104339.csv
SourceDocumentURI:Q1_2019_Whirlpool_Corp_Earnings_Call
Log:Completed date is not available

FileName:20210706-104339.csv
SourceDocumentURI:Q1_2020_Anthem_Inc_Earnings_Call
Log:Completed date is not available

FileName:20210706-104339.csv
SourceDocumentURI:Q2_2012_Dish_Network_Corp_Earnings_Conference_Call
Log:Completed date is not available

FileName:20210706-104339.csv
SourceDocumentURI:Q2_2013_Enbridge_Earnings_Conference_Call
Log:Completed date is not available

FileName:20210706-104339.csv
SourceDocumentURI:Q2_2013_Marathon_Oil_Corporation_Earnings_Conference_Call
Log:Completed date is not available

FileName:20210706-104339.csv
SourceDocumentURI:Q2_2014_Regions_Financial_Corp_Earnings_Conference_Call
Log:Completed date is not available

FileName:20210706-104339.csv
SourceDocumentURI:Q2_2016_ICICI_Bank_Ltd_Earnings_Call
Log:Completed date is not available

FileName:20210706-104339.csv
SourceDocumentURI:Q2_2017_Swedbank_AB_Earnings_Call
Log:Completed date is not available

FileName:20210706-104339.csv
SourceDocumentURI:Q2_2018_Intesa_Sanpaolo_SpA_Earnings_Call
Log:Completed date is not available

FileName:20210706-104339.csv
SourceDocumentURI:Q2_2019_El_Puerto_de_Liverpool_SAB_de_CV_Earnings_Call
Log:Completed date is not available

FileName:20210706-104339.csv
SourceDocumentURI:Q2_2019_Red_Rock_Resorts_Inc_Earnings_Call
Log:Completed date is not available

FileName:20210706-104339.csv
SourceDocumentURI:Q2_2020_Newell_Brands_Inc_Earnings_Call
Log:Completed date is not available

FileName:20210706-104339.csv
SourceDocumentURI:Q3_2012_Liberty_Global,_Inc._Earnings_Conference_Call
Log:Completed date is not available

FileName:20210706-104339.csv
SourceDocumentURI:Q3_2012_O`Reilly_Automotive_Earnings_Conference_Call
Log:Completed date is not available

FileName:20210706-104339.csv
SourceDocumentURI:Q3_2012_The_Estée_Lauder_Companies_Inc._Earnings_Conference_Call
Log:Completed date is not available

FileName:20210706-104339.csv
SourceDocumentURI:Q3_2013_Deutsche_Bank_Earnings_Conference_Call
Log:Completed date is not available

FileName:20210706-104339.csv
SourceDocumentURI:Q3_2013_Enersis_SA_Earnings_Conference_Call
Log:Completed date is not available

FileName:20210706-104339.csv
SourceDocumentURI:Q3_2014_Telecom_Italia_SpA_Earnings_Call
Log:Completed date is not available

FileName:20210706-104339.csv
SourceDocumentURI:Q3_2014_Ventas_Inc_Earnings_Call
Log:Completed date is not available

FileName:20210706-104339.csv
SourceDocumentURI:Q3_2015_Abercrombie_&_Fitch_Co_Earnings_Call
Log:Completed date is not available

FileName:20210706-104339.csv
SourceDocumentURI:Q3_2015_Laclede_Group_Inc_Earnings_Call
Log:Completed date is not available

FileName:20210706-104339.csv
SourceDocumentURI:Q3_2015_Verisign_Inc_Earnings_Call
Log:Completed date is not available

FileName:20210706-104339.csv
SourceDocumentURI:Q3_2016_WPX_Energy_Inc_Earnings_Call
Log:Completed date is not available

FileName:20210706-104339.csv
SourceDocumentURI:Q3_2017_Alstria_Office_REIT_AG_Earnings_Call
Log:Completed date is not available

FileName:20210706-104339.csv
SourceDocumentURI:Q3_2017_Bouygues_SA_Earnings_Call
Log:Completed date is not available

FileName:20210706-104339.csv
SourceDocumentURI:Q3_2017_Windstream_Holdings_Inc_Earnings_Call
Log:Completed date is not available

FileName:20210706-104339.csv
SourceDocumentURI:Q3_2018_Teck_Resources_Ltd_Earnings_Call
Log:Completed date is not available

FileName:20210706-104339.csv
SourceDocumentURI:Q3_2019_AerCap_Holdings_NV_Earnings_Call
Log:Completed date is not available

FileName:20210706-104339.csv
SourceDocumentURI:Q3_2019_Aon_PLC_Earnings_Call
Log:Completed date is not available

FileName:20210706-104339.csv
SourceDocumentURI:Q3_2019_Brookfield_Infrastructure_Partners_LP_Earnings_Call
Log:Completed date is not available

FileName:20210706-104339.csv
SourceDocumentURI:Q3_2019_LKQ_Corp_Earnings_Call
Log:Completed date is not available

FileName:20210706-104339.csv
SourceDocumentURI:Q3_2020_Bharti_Airtel_Ltd_Earnings_Call
Log:Completed date is not available

FileName:20210706-104339.csv
SourceDocumentURI:Q3_2020_Dow_Inc_Earnings_Call
Log:Completed date is not available

FileName:20210706-104339.csv
SourceDocumentURI:Q3_2020_Marriott_International_Inc_Earnings_Call
Log:Completed date is not available

FileName:20210706-104339.csv
SourceDocumentURI:Q3_2020_Minerva_SA_Earnings_Call
Log:Completed date is not available

FileName:20210706-104339.csv
SourceDocumentURI:Q3_2020_Valero_Energy_Corp_Earnings_Call
Log:Completed date is not available

FileName:20210706-104339.csv
SourceDocumentURI:Q3_2021_NortonLifeLock_Inc_Earnings_Call
Log:Completed date is not available

FileName:20210706-104339.csv
SourceDocumentURI:Q4_2011_NATIONAL_CINEMEDIA_INC_Earnings_Conference_Call
Log:Completed date is not available

FileName:20210706-104339.csv
SourceDocumentURI:Q4_2013_Kellogg_Co._Earnings_Conference_Call
Log:Completed date is not available

FileName:20210706-104339.csv
SourceDocumentURI:Q4_2013_Lowe`s_Companies_Earnings_Conference_Call
Log:Completed date is not available

FileName:20210706-104339.csv
SourceDocumentURI:Q4_2014_AES_Corp_Earnings_Call
Log:Completed date is not available

FileName:20210706-104339.csv
SourceDocumentURI:Q4_2014_Assurant_Inc_Earnings_Call
Log:Completed date is not available

FileName:20210706-104339.csv
SourceDocumentURI:Q4_2014_Newell_Rubbermaid_Inc_Earnings_Call
Log:Completed date is not available

FileName:20210706-104339.csv
SourceDocumentURI:Q4_2015_Caleres_Inc_Earnings_Call
Log:Completed date is not available

FileName:20210706-104339.csv
SourceDocumentURI:Q4_2015_NiSource_Inc_Earnings_Call
Log:Completed date is not available

FileName:20210706-104339.csv
SourceDocumentURI:Q4_2016_Hill-Rom_Holdings_Inc_Earnings_Call
Log:Completed date is not available

FileName:20210706-104339.csv
SourceDocumentURI:Q4_2017_Triumph_Group_Inc_Earnings_Call
Log:Completed date is not available

FileName:20210706-104339.csv
SourceDocumentURI:Q4_2018_Markel_Corp_Earnings_Call
Log:Completed date is not available

FileName:20210706-104339.csv
SourceDocumentURI:Q4_2019_IACInterActiveCorp_&_ANGI_Homeservices_Inc_Earnings_Call
Log:Completed date is not available

FileName:20210706-104339.csv
SourceDocumentURI:Q4_2019_Titan_Cement_Company_SA_Earnings_Call
Log:Completed date is not available

FileName:20210706-104339.csv
SourceDocumentURI:Q4_2019_Vale_SA_Earnings_Call
Log:Completed date is not available

FileName:20210706-104339.csv
SourceDocumentURI:Q4_2020_Union_Pacific_Corp_Earnings_Call
Log:Completed date is not available
